2026-07-13 22:54:01,877 INFO o.a.j.u.JMeterUtils: Setting Locale to en_EN
2026-07-13 22:54:01,890 INFO o.a.j.JMeter: Loading user properties from: C:\apache-jmeter-5.6.3\bin\user.properties
2026-07-13 22:54:01,890 INFO o.a.j.JMeter: Loading system properties from: C:\apache-jmeter-5.6.3\bin\system.properties
2026-07-13 22:54:01,896 INFO o.a.j.JMeter: Copyright (c) 1998-2024 The Apache Software Foundation
2026-07-13 22:54:01,897 INFO o.a.j.JMeter: Version 5.6.3
2026-07-13 22:54:01,897 INFO o.a.j.JMeter: java.version=24.0.2
2026-07-13 22:54:01,897 INFO o.a.j.JMeter: java.vm.name=Java HotSpot(TM) 64-Bit Server VM
2026-07-13 22:54:01,897 INFO o.a.j.JMeter: os.name=Windows 11
2026-07-13 22:54:01,897 INFO o.a.j.JMeter: os.arch=amd64
2026-07-13 22:54:01,897 INFO o.a.j.JMeter: os.version=10.0
2026-07-13 22:54:01,897 INFO o.a.j.JMeter: file.encoding=UTF-8
2026-07-13 22:54:01,897 INFO o.a.j.JMeter: java.awt.headless=true
2026-07-13 22:54:01,897 INFO o.a.j.JMeter: Max memory     =1073741824
2026-07-13 22:54:01,897 INFO o.a.j.JMeter: Available Processors =12
2026-07-13 22:54:01,909 INFO o.a.j.JMeter: Default Locale=English (EN)
2026-07-13 22:54:01,909 INFO o.a.j.JMeter: JMeter  Locale=English (EN)
2026-07-13 22:54:01,910 INFO o.a.j.JMeter: JMeterHome=C:\apache-jmeter-5.6.3
2026-07-13 22:54:01,910 INFO o.a.j.JMeter: user.dir  =C:\Users\simon\Desktop\EasierNotes
2026-07-13 22:54:01,910 INFO o.a.j.JMeter: PWD       =C:\Users\simon\Desktop\EasierNotes
2026-07-13 22:54:01,911 INFO o.a.j.JMeter: IP: 192.168.234.134 Name: Simon FullName: Simon
2026-07-13 22:54:01,921 INFO o.a.j.s.FileServer: Default base='C:\Users\simon\Desktop\EasierNotes'
2026-07-13 22:54:01,922 INFO o.a.j.s.FileServer: Set new base='C:\Users\simon\Desktop\EasierNotes\jmeter'
2026-07-13 22:54:02,144 INFO o.a.j.s.SaveService: Testplan (JMX) version: 2.2. Testlog (JTL) version: 2.2
2026-07-13 22:54:02,171 INFO o.a.j.s.SaveService: Using SaveService properties version 5.0
2026-07-13 22:54:02,174 INFO o.a.j.s.SaveService: Using SaveService properties file encoding UTF-8
2026-07-13 22:54:02,176 INFO o.a.j.s.SaveService: Loading file: jmeter\JM-03_utilizacion_recursos.jmx
2026-07-13 22:54:02,228 INFO o.a.j.p.h.s.HTTPSamplerBase: Parser for text/html is org.apache.jmeter.protocol.http.parser.LagartoBasedHtmlParser
2026-07-13 22:54:02,228 INFO o.a.j.p.h.s.HTTPSamplerBase: Parser for application/xhtml+xml is org.apache.jmeter.protocol.http.parser.LagartoBasedHtmlParser
2026-07-13 22:54:02,228 INFO o.a.j.p.h.s.HTTPSamplerBase: Parser for application/xml is org.apache.jmeter.protocol.http.parser.LagartoBasedHtmlParser
2026-07-13 22:54:02,228 INFO o.a.j.p.h.s.HTTPSamplerBase: Parser for text/xml is org.apache.jmeter.protocol.http.parser.LagartoBasedHtmlParser
2026-07-13 22:54:02,228 INFO o.a.j.p.h.s.HTTPSamplerBase: Parser for text/vnd.wap.wml is org.apache.jmeter.protocol.http.parser.RegexpHTMLParser
2026-07-13 22:54:02,228 INFO o.a.j.p.h.s.HTTPSamplerBase: Parser for text/css is org.apache.jmeter.protocol.http.parser.CssParser
2026-07-13 22:54:02,254 INFO o.a.j.JMeter: Creating summariser <summary>
2026-07-13 22:54:02,267 INFO o.a.j.e.StandardJMeterEngine: Running the test!
2026-07-13 22:54:02,268 INFO o.a.j.s.SampleEvent: List of sample_variables: []
2026-07-13 22:54:02,268 INFO o.a.j.s.SampleEvent: List of sample_variables: []
2026-07-13 22:54:02,271 INFO o.a.j.e.u.CompoundVariable: Note: Function class names must contain the string: '.functions.'
2026-07-13 22:54:02,271 INFO o.a.j.e.u.CompoundVariable: Note: Function class names must not contain the string: '.gui.'
2026-07-13 22:54:02,340 INFO o.a.j.JMeter: Running test (1783997642340)
2026-07-13 22:54:02,354 INFO o.a.j.e.StandardJMeterEngine: Starting ThreadGroup: 1 : Carga mixta sostenida: 30 usuarios x 30
2026-07-13 22:54:02,354 INFO o.a.j.e.StandardJMeterEngine: Starting 30 threads for group Carga mixta sostenida: 30 usuarios x 30.
2026-07-13 22:54:02,354 INFO o.a.j.e.StandardJMeterEngine: Thread will continue on error
2026-07-13 22:54:02,354 INFO o.a.j.t.ThreadGroup: Starting thread group... number=1 threads=30 ramp-up=10 delayedStart=false
2026-07-13 22:54:02,360 INFO o.a.j.t.JMeterThread: Thread started: Carga mixta sostenida: 30 usuarios x 30 1-1
2026-07-13 22:54:02,366 INFO o.a.j.t.ThreadGroup: Started thread group number 1
2026-07-13 22:54:02,367 INFO o.a.j.e.StandardJMeterEngine: All thread groups have been started
2026-07-13 22:54:02,371 INFO o.a.j.p.h.s.HTTPHCAbstractImpl: Local host = Simon
2026-07-13 22:54:02,375 INFO o.a.j.p.h.s.HTTPHC4Impl: HTTP request retry count = 0
2026-07-13 22:54:02,376 INFO o.a.j.s.SampleResult: Note: Sample TimeStamps are START times
2026-07-13 22:54:02,376 INFO o.a.j.s.SampleResult: sampleresult.default.encoding is set to UTF-8
2026-07-13 22:54:02,376 INFO o.a.j.s.SampleResult: sampleresult.useNanoTime=true
2026-07-13 22:54:02,376 INFO o.a.j.s.SampleResult: sampleresult.nanoThreadSleep=5000
2026-07-13 22:54:02,462 INFO o.a.j.r.Summariser: summary +      1 in 00:00:00 =    8.3/s Avg:    38 Min:    38 Max:    38 Err:     0 (0.00%) Active: 1 Started: 1 Finished: 0
2026-07-13 22:54:02,691 INFO o.a.j.t.JMeterThread: Thread started: Carga mixta sostenida: 30 usuarios x 30 1-2
2026-07-13 22:54:03,022 INFO o.a.j.t.JMeterThread: Thread started: Carga mixta sostenida: 30 usuarios x 30 1-3
2026-07-13 22:54:03,357 INFO o.a.j.t.JMeterThread: Thread started: Carga mixta sostenida: 30 usuarios x 30 1-4
2026-07-13 22:54:03,689 INFO o.a.j.t.JMeterThread: Thread started: Carga mixta sostenida: 30 usuarios x 30 1-5
2026-07-13 22:54:04,031 INFO o.a.j.t.JMeterThread: Thread started: Carga mixta sostenida: 30 usuarios x 30 1-6
2026-07-13 22:54:04,355 INFO o.a.j.t.JMeterThread: Thread started: Carga mixta sostenida: 30 usuarios x 30 1-7
2026-07-13 22:54:04,381 INFO o.a.j.t.JMeterThread: Thread is done: Carga mixta sostenida: 30 usuarios x 30 1-1
2026-07-13 22:54:04,381 INFO o.a.j.t.JMeterThread: Thread finished: Carga mixta sostenida: 30 usuarios x 30 1-1
2026-07-13 22:54:04,686 INFO o.a.j.t.JMeterThread: Thread started: Carga mixta sostenida: 30 usuarios x 30 1-8
2026-07-13 22:54:04,760 INFO o.a.j.t.JMeterThread: Thread is done: Carga mixta sostenida: 30 usuarios x 30 1-2
2026-07-13 22:54:04,761 INFO o.a.j.t.JMeterThread: Thread finished: Carga mixta sostenida: 30 usuarios x 30 1-2
2026-07-13 22:54:05,019 INFO o.a.j.t.JMeterThread: Thread started: Carga mixta sostenida: 30 usuarios x 30 1-9
2026-07-13 22:54:05,184 INFO o.a.j.t.JMeterThread: Thread is done: Carga mixta sostenida: 30 usuarios x 30 1-3
2026-07-13 22:54:05,185 INFO o.a.j.t.JMeterThread: Thread finished: Carga mixta sostenida: 30 usuarios x 30 1-3
2026-07-13 22:54:05,353 INFO o.a.j.t.JMeterThread: Thread started: Carga mixta sostenida: 30 usuarios x 30 1-10
2026-07-13 22:54:05,685 INFO o.a.j.t.JMeterThread: Thread started: Carga mixta sostenida: 30 usuarios x 30 1-11
2026-07-13 22:54:05,730 INFO o.a.j.t.JMeterThread: Thread is done: Carga mixta sostenida: 30 usuarios x 30 1-4
2026-07-13 22:54:05,731 INFO o.a.j.t.JMeterThread: Thread finished: Carga mixta sostenida: 30 usuarios x 30 1-4
2026-07-13 22:54:06,017 INFO o.a.j.t.JMeterThread: Thread started: Carga mixta sostenida: 30 usuarios x 30 1-12
2026-07-13 22:54:06,105 INFO o.a.j.t.JMeterThread: Thread is done: Carga mixta sostenida: 30 usuarios x 30 1-5
2026-07-13 22:54:06,105 INFO o.a.j.t.JMeterThread: Thread finished: Carga mixta sostenida: 30 usuarios x 30 1-5
2026-07-13 22:54:06,351 INFO o.a.j.t.JMeterThread: Thread started: Carga mixta sostenida: 30 usuarios x 30 1-13
2026-07-13 22:54:06,556 INFO o.a.j.t.JMeterThread: Thread is done: Carga mixta sostenida: 30 usuarios x 30 1-6
2026-07-13 22:54:06,557 INFO o.a.j.t.JMeterThread: Thread finished: Carga mixta sostenida: 30 usuarios x 30 1-6
2026-07-13 22:54:06,686 INFO o.a.j.t.JMeterThread: Thread started: Carga mixta sostenida: 30 usuarios x 30 1-14
2026-07-13 22:54:06,998 INFO o.a.j.t.JMeterThread: Thread is done: Carga mixta sostenida: 30 usuarios x 30 1-7
2026-07-13 22:54:06,999 INFO o.a.j.t.JMeterThread: Thread finished: Carga mixta sostenida: 30 usuarios x 30 1-7
2026-07-13 22:54:07,017 INFO o.a.j.t.JMeterThread: Thread started: Carga mixta sostenida: 30 usuarios x 30 1-15
2026-07-13 22:54:07,351 INFO o.a.j.t.JMeterThread: Thread started: Carga mixta sostenida: 30 usuarios x 30 1-16
2026-07-13 22:54:07,379 INFO o.a.j.t.JMeterThread: Thread is done: Carga mixta sostenida: 30 usuarios x 30 1-8
2026-07-13 22:54:07,379 INFO o.a.j.t.JMeterThread: Thread finished: Carga mixta sostenida: 30 usuarios x 30 1-8
2026-07-13 22:54:07,689 INFO o.a.j.t.JMeterThread: Thread started: Carga mixta sostenida: 30 usuarios x 30 1-17
2026-07-13 22:54:07,879 INFO o.a.j.t.JMeterThread: Thread is done: Carga mixta sostenida: 30 usuarios x 30 1-9
2026-07-13 22:54:07,879 INFO o.a.j.t.JMeterThread: Thread finished: Carga mixta sostenida: 30 usuarios x 30 1-9
2026-07-13 22:54:08,023 INFO o.a.j.t.JMeterThread: Thread started: Carga mixta sostenida: 30 usuarios x 30 1-18
2026-07-13 22:54:08,360 INFO o.a.j.t.JMeterThread: Thread started: Carga mixta sostenida: 30 usuarios x 30 1-19
2026-07-13 22:54:08,694 INFO o.a.j.t.JMeterThread: Thread started: Carga mixta sostenida: 30 usuarios x 30 1-20
2026-07-13 22:54:08,798 INFO o.a.j.t.JMeterThread: Thread is done: Carga mixta sostenida: 30 usuarios x 30 1-10
2026-07-13 22:54:08,798 INFO o.a.j.t.JMeterThread: Thread finished: Carga mixta sostenida: 30 usuarios x 30 1-10
2026-07-13 22:54:09,023 INFO o.a.j.t.JMeterThread: Thread started: Carga mixta sostenida: 30 usuarios x 30 1-21
2026-07-13 22:54:09,059 INFO o.a.j.t.JMeterThread: Thread is done: Carga mixta sostenida: 30 usuarios x 30 1-11
2026-07-13 22:54:09,059 INFO o.a.j.t.JMeterThread: Thread finished: Carga mixta sostenida: 30 usuarios x 30 1-11
2026-07-13 22:54:09,360 INFO o.a.j.t.JMeterThread: Thread started: Carga mixta sostenida: 30 usuarios x 30 1-22
2026-07-13 22:54:09,682 INFO o.a.j.t.JMeterThread: Thread started: Carga mixta sostenida: 30 usuarios x 30 1-23
2026-07-13 22:54:09,826 INFO o.a.j.t.JMeterThread: Thread is done: Carga mixta sostenida: 30 usuarios x 30 1-12
2026-07-13 22:54:09,827 INFO o.a.j.t.JMeterThread: Thread finished: Carga mixta sostenida: 30 usuarios x 30 1-12
2026-07-13 22:54:10,024 INFO o.a.j.t.JMeterThread: Thread started: Carga mixta sostenida: 30 usuarios x 30 1-24
2026-07-13 22:54:10,354 INFO o.a.j.t.JMeterThread: Thread started: Carga mixta sostenida: 30 usuarios x 30 1-25
2026-07-13 22:54:10,590 INFO o.a.j.t.JMeterThread: Thread is done: Carga mixta sostenida: 30 usuarios x 30 1-13
2026-07-13 22:54:10,590 INFO o.a.j.t.JMeterThread: Thread finished: Carga mixta sostenida: 30 usuarios x 30 1-13
2026-07-13 22:54:10,696 INFO o.a.j.t.JMeterThread: Thread started: Carga mixta sostenida: 30 usuarios x 30 1-26
2026-07-13 22:54:11,025 INFO o.a.j.t.JMeterThread: Thread started: Carga mixta sostenida: 30 usuarios x 30 1-27
2026-07-13 22:54:11,113 INFO o.a.j.t.JMeterThread: Thread is done: Carga mixta sostenida: 30 usuarios x 30 1-14
2026-07-13 22:54:11,114 INFO o.a.j.t.JMeterThread: Thread finished: Carga mixta sostenida: 30 usuarios x 30 1-14
2026-07-13 22:54:11,355 INFO o.a.j.t.JMeterThread: Thread started: Carga mixta sostenida: 30 usuarios x 30 1-28
2026-07-13 22:54:11,685 INFO o.a.j.t.JMeterThread: Thread started: Carga mixta sostenida: 30 usuarios x 30 1-29
2026-07-13 22:54:11,897 INFO o.a.j.t.JMeterThread: Thread is done: Carga mixta sostenida: 30 usuarios x 30 1-15
2026-07-13 22:54:11,899 INFO o.a.j.t.JMeterThread: Thread finished: Carga mixta sostenida: 30 usuarios x 30 1-15
2026-07-13 22:54:12,017 INFO o.a.j.t.JMeterThread: Thread started: Carga mixta sostenida: 30 usuarios x 30 1-30
2026-07-13 22:54:12,669 INFO o.a.j.t.JMeterThread: Thread is done: Carga mixta sostenida: 30 usuarios x 30 1-16
2026-07-13 22:54:12,669 INFO o.a.j.t.JMeterThread: Thread finished: Carga mixta sostenida: 30 usuarios x 30 1-16
2026-07-13 22:54:13,133 INFO o.a.j.t.JMeterThread: Thread is done: Carga mixta sostenida: 30 usuarios x 30 1-17
2026-07-13 22:54:13,133 INFO o.a.j.t.JMeterThread: Thread finished: Carga mixta sostenida: 30 usuarios x 30 1-17
2026-07-13 22:54:13,471 INFO o.a.j.t.JMeterThread: Thread is done: Carga mixta sostenida: 30 usuarios x 30 1-18
2026-07-13 22:54:13,472 INFO o.a.j.t.JMeterThread: Thread finished: Carga mixta sostenida: 30 usuarios x 30 1-18
2026-07-13 22:54:13,521 INFO o.a.j.t.JMeterThread: Thread is done: Carga mixta sostenida: 30 usuarios x 30 1-19
2026-07-13 22:54:13,521 INFO o.a.j.t.JMeterThread: Thread finished: Carga mixta sostenida: 30 usuarios x 30 1-19
2026-07-13 22:54:14,316 INFO o.a.j.t.JMeterThread: Thread is done: Carga mixta sostenida: 30 usuarios x 30 1-20
2026-07-13 22:54:14,316 INFO o.a.j.t.JMeterThread: Thread finished: Carga mixta sostenida: 30 usuarios x 30 1-20
2026-07-13 22:54:14,417 INFO o.a.j.t.JMeterThread: Thread is done: Carga mixta sostenida: 30 usuarios x 30 1-21
2026-07-13 22:54:14,419 INFO o.a.j.t.JMeterThread: Thread finished: Carga mixta sostenida: 30 usuarios x 30 1-21
2026-07-13 22:54:14,652 INFO o.a.j.t.JMeterThread: Thread is done: Carga mixta sostenida: 30 usuarios x 30 1-22
2026-07-13 22:54:14,652 INFO o.a.j.t.JMeterThread: Thread finished: Carga mixta sostenida: 30 usuarios x 30 1-22
2026-07-13 22:54:14,845 INFO o.a.j.t.JMeterThread: Thread is done: Carga mixta sostenida: 30 usuarios x 30 1-23
2026-07-13 22:54:14,845 INFO o.a.j.t.JMeterThread: Thread finished: Carga mixta sostenida: 30 usuarios x 30 1-23
2026-07-13 22:54:15,356 INFO o.a.j.t.JMeterThread: Thread is done: Carga mixta sostenida: 30 usuarios x 30 1-26
2026-07-13 22:54:15,356 INFO o.a.j.t.JMeterThread: Thread finished: Carga mixta sostenida: 30 usuarios x 30 1-26
2026-07-13 22:54:15,373 INFO o.a.j.t.JMeterThread: Thread is done: Carga mixta sostenida: 30 usuarios x 30 1-25
2026-07-13 22:54:15,373 INFO o.a.j.t.JMeterThread: Thread finished: Carga mixta sostenida: 30 usuarios x 30 1-25
2026-07-13 22:54:15,450 INFO o.a.j.t.JMeterThread: Thread is done: Carga mixta sostenida: 30 usuarios x 30 1-24
2026-07-13 22:54:15,452 INFO o.a.j.t.JMeterThread: Thread finished: Carga mixta sostenida: 30 usuarios x 30 1-24
2026-07-13 22:54:15,699 INFO o.a.j.t.JMeterThread: Thread is done: Carga mixta sostenida: 30 usuarios x 30 1-27
2026-07-13 22:54:15,699 INFO o.a.j.t.JMeterThread: Thread finished: Carga mixta sostenida: 30 usuarios x 30 1-27
2026-07-13 22:54:15,824 INFO o.a.j.t.JMeterThread: Thread is done: Carga mixta sostenida: 30 usuarios x 30 1-28
2026-07-13 22:54:15,824 INFO o.a.j.t.JMeterThread: Thread finished: Carga mixta sostenida: 30 usuarios x 30 1-28
2026-07-13 22:54:15,973 INFO o.a.j.t.JMeterThread: Thread is done: Carga mixta sostenida: 30 usuarios x 30 1-29
2026-07-13 22:54:15,973 INFO o.a.j.t.JMeterThread: Thread finished: Carga mixta sostenida: 30 usuarios x 30 1-29
2026-07-13 22:54:16,008 INFO o.a.j.t.JMeterThread: Thread is done: Carga mixta sostenida: 30 usuarios x 30 1-30
2026-07-13 22:54:16,008 INFO o.a.j.t.JMeterThread: Thread finished: Carga mixta sostenida: 30 usuarios x 30 1-30
2026-07-13 22:54:16,008 INFO o.a.j.e.StandardJMeterEngine: Notifying test listeners of end of test
2026-07-13 22:54:16,010 INFO o.a.j.r.Summariser: summary +   1799 in 00:00:14 =  132.8/s Avg:    66 Min:    10 Max:   377 Err:     0 (0.00%) Active: 0 Started: 30 Finished: 30
2026-07-13 22:54:16,010 INFO o.a.j.r.Summariser: summary =   1800 in 00:00:14 =  131.7/s Avg:    66 Min:    10 Max:   377 Err:     0 (0.00%)
